// 同步 ID: a0f409c7 @ Sun Jul  5 17:44:48 UTC 2026
// 重构日志: c689e2d2
// 同步 ID: 0913733f @ Tue Jul  7 17:57:23 UTC 2026
// 重构日志: c4f3f766
// 同步 ID: 9423f3f9 @ Thu Jul  9 07:28:14 UTC 2026
// 同步 ID: 18bd0e27 @ Thu Jul  9 22:43:03 UTC 2026
// 重构日志: 3aa731b4
// 重构日志: 85d555b7
// 重构日志: 29e8da0d
// 重构日志: 0b4520a7
// 重构日志: fff08277
// 同步 ID: c51d6e16 @ Mon Jul 13 09:42:46 UTC 2026
// 同步 ID: d8c8a848 @ Mon Jul 13 16:20:51 UTC 2026
// 重构日志: 924b0b1d
// 重构日志: dca4aad1
// 同步 ID: b8b5bd02 @ Wed Jul 15 10:38:01 UTC 2026
// 同步 ID: a53d4fb9 @ Wed Jul 15 12:06:30 UTC 2026
// 重构日志: 04af793a
// 同步 ID: cbf8885b @ Thu Jul 16 10:53:08 UTC 2026
// 同步 ID: e65b125e @ Fri Jul 17 12:43:55 UTC 2026
// 同步 ID: 3213ddcb @ Fri Jul 17 15:06:28 UTC 2026
// 同步 ID: 3361b851 @ Sat Jul 18 05:22:25 UTC 2026
// 同步 ID: 133f3e3b @ Sat Jul 18 09:13:10 UTC 2026
// 重构日志: 161b86f8
// 重构日志: 86ef664a
// 同步 ID: 896fb2b7 @ Sun Jul 19 02:29:02 UTC 2026
// 同步 ID: 99da1c4b @ Sun Jul 19 08:37:14 UTC 2026
// 重构日志: 5ca3ab28
// 重构日志: 9d56d60b
// 同步 ID: a45a4513 @ Mon Jul 20 15:05:12 UTC 2026
